<?xml version="1.0" encoding="UTF-8"?>
<testng-results ignored="0" total="1" passed="1" failed="0" skipped="0">
  <reporter-output>
  </reporter-output>
  <suite started-at="2022-01-12T01:16:52 IST" name="Default suite" finished-at="2022-01-12T01:17:19 IST" duration-ms="27367">
    <groups>
      <group name="cucumber">
        <method signature="AbstractTestNGCucumberTests.runScenario(io.cucumber.testng.PickleWrapper,io.cucumber.testng.FeatureWrapper)[pri:0, instance:com.pb.ctest.helper.RunCucumberTest@4d5650ae]" name="runScenario" class="io.cucumber.testng.AbstractTestNGCucumberTests"/>
      </group> <!-- cucumber -->
    </groups>
    <test started-at="2022-01-12T01:16:52 IST" name="Default test" finished-at="2022-01-12T01:17:19 IST" duration-ms="27367">
      <class name="com.pb.ctest.helper.RunCucumberTest">
        <test-method is-config="true" signature="setUpClass(org.testng.ITestContext)[pri:0, instance:com.pb.ctest.helper.RunCucumberTest@4d5650ae]" started-at="2022-01-12T01:16:52 IST" name="setUpClass" finished-at="2022-01-12T01:16:52 IST" duration-ms="278" status="PASS">
          <params>
            <param index="0">
              <value>
                <![CDATA[org.testng.TestRunner@582a764a]]>
              </value>
            </param>
          </params>
          <reporter-output>
          </reporter-output>
        </test-method> <!-- setUpClass -->
        <test-method signature="runScenario(io.cucumber.testng.PickleWrapper,io.cucumber.testng.FeatureWrapper)[pri:0, instance:com.pb.ctest.helper.RunCucumberTest@4d5650ae]" started-at="2022-01-12T01:16:52 IST" name="runScenario" description="Runs Cucumber Scenarios" data-provider="scenarios" finished-at="2022-01-12T01:17:19 IST" duration-ms="27040" status="PASS">
          <params>
            <param index="0">
              <value>
                <![CDATA["Verify Login Functionality"]]>
              </value>
            </param>
            <param index="1">
              <value>
                <![CDATA["Optional[Registration, Login and MyAccount]"]]>
              </value>
            </param>
          </params>
          <reporter-output>
          </reporter-output>
        </test-method> <!-- runScenario -->
        <test-method is-config="true" signature="tearDownClass()[pri:0, instance:com.pb.ctest.helper.RunCucumberTest@4d5650ae]" started-at="2022-01-12T01:17:19 IST" name="tearDownClass" finished-at="2022-01-12T01:17:19 IST" duration-ms="9" status="PASS">
          <reporter-output>
          </reporter-output>
        </test-method> <!-- tearDownClass -->
      </class> <!-- com.pb.ctest.helper.RunCucumberTest -->
    </test> <!-- Default test -->
  </suite> <!-- Default suite -->
</testng-results>
